  GameManager.cpp
C:\Users\admin\Documents\GitHub\Snake_Excercise_SS004_K22\Project_Folder\snake_2\GameManager.cpp(17,59): warning C4244: 'argument': conversion from 'float' to 'unsigned int', possible loss of data
  Screen_Classic.cpp
C:\Users\admin\Documents\GitHub\Snake_Excercise_SS004_K22\Project_Folder\snake_2\GameManager.cpp(17,47): warning C4244: 'argument': conversion from 'float' to 'unsigned int', possible loss of data
C:\Users\admin\Documents\GitHub\Snake_Excercise_SS004_K22\Project_Folder\snake_2\Screen_Classic.cpp(278,16): warning C4244: 'initializing': conversion from 'float' to 'int', possible loss of data
C:\Users\admin\Documents\GitHub\Snake_Excercise_SS004_K22\Project_Folder\snake_2\Screen_Classic.cpp(278,63): warning C4244: '-=': conversion from 'float' to 'int', possible loss of data
C:\Users\admin\Documents\GitHub\Snake_Excercise_SS004_K22\Project_Folder\snake_2\Screen_Classic.cpp(278,94): warning C4244: 'argument': conversion from 'int' to 'float', possible loss of data
C:\Users\admin\Documents\GitHub\Snake_Excercise_SS004_K22\Project_Folder\snake_2\Screen_Classic.cpp(279,16): warning C4244: 'initializing': conversion from 'float' to 'int', possible loss of data
C:\Users\admin\Documents\GitHub\Snake_Excercise_SS004_K22\Project_Folder\snake_2\Screen_Classic.cpp(279,61): warning C4244: '-=': conversion from 'float' to 'int', possible loss of data
C:\Users\admin\Documents\GitHub\Snake_Excercise_SS004_K22\Project_Folder\snake_2\Screen_Classic.cpp(281,39): warning C4244: 'argument': conversion from 'int' to 'float', possible loss of data
C:\Users\admin\Documents\GitHub\Snake_Excercise_SS004_K22\Project_Folder\snake_2\Screen_Classic.cpp(282,20): warning C4244: 'initializing': conversion from 'float' to 'int', possible loss of data
C:\Users\admin\Documents\GitHub\Snake_Excercise_SS004_K22\Project_Folder\snake_2\Screen_Classic.cpp(282,70): warning C4244: '-=': conversion from 'float' to 'int', possible loss of data
C:\Users\admin\Documents\GitHub\Snake_Excercise_SS004_K22\Project_Folder\snake_2\Screen_Classic.cpp(284,42): warning C4244: 'argument': conversion from 'int' to 'float', possible loss of data
C:\Users\admin\Documents\GitHub\Snake_Excercise_SS004_K22\Project_Folder\snake_2\Screen_Classic.cpp(284,39): warning C4244: 'argument': conversion from 'int' to 'float', possible loss of data
C:\Users\admin\Documents\GitHub\Snake_Excercise_SS004_K22\Project_Folder\snake_2\Screen_Classic.cpp(286,60): warning C4244: 'argument': conversion from 'int' to 'float', possible loss of data
C:\Users\admin\Documents\GitHub\Snake_Excercise_SS004_K22\Project_Folder\snake_2\Screen_Classic.cpp(288,16): warning C4244: 'initializing': conversion from 'float' to 'int', possible loss of data
C:\Users\admin\Documents\GitHub\Snake_Excercise_SS004_K22\Project_Folder\snake_2\Screen_Classic.cpp(288,63): warning C4244: '-=': conversion from 'float' to 'int', possible loss of data
C:\Users\admin\Documents\GitHub\Snake_Excercise_SS004_K22\Project_Folder\snake_2\Screen_Classic.cpp(288,94): warning C4244: 'argument': conversion from 'int' to 'float', possible loss of data
C:\Users\admin\Documents\GitHub\Snake_Excercise_SS004_K22\Project_Folder\snake_2\Screen_Classic.cpp(350,19): warning C4244: 'argument': conversion from 'time_t' to 'unsigned int', possible loss of data
C:\Users\admin\Documents\GitHub\Snake_Excercise_SS004_K22\Project_Folder\snake_2\Screen_Classic.cpp(354,37): warning C4305: 'initializing': truncation from 'double' to 'float'
  high_score_board.cpp
  Generating Code...
C:\Users\admin\Documents\GitHub\Snake_Excercise_SS004_K22\Project_Folder\snake_2\Screen_Classic.cpp(365,23): warning C4244: '=': conversion from 'double' to 'float', possible loss of data
  snake_2.vcxproj -> C:\Users\admin\Documents\GitHub\Snake_Excercise_SS004_K22\Project_Folder\x64\Debug\snake_2.exe
