d:\study\knnn\snake\snake_excercise_ss004_k22\project_folder\snake_2\x64\release\vc142.pdb
d:\study\knnn\snake\snake_excercise_ss004_k22\project_folder\snake_2\x64\release\snake_2.obj
d:\study\knnn\snake\snake_excercise_ss004_k22\project_folder\snake_2\x64\release\selection_list.obj
d:\study\knnn\snake\snake_excercise_ss004_k22\project_folder\snake_2\x64\release\selection.obj
d:\study\knnn\snake\snake_excercise_ss004_k22\project_folder\snake_2\x64\release\screen_modern.obj
d:\study\knnn\snake\snake_excercise_ss004_k22\project_folder\snake_2\x64\release\screen_classic.obj
d:\study\knnn\snake\snake_excercise_ss004_k22\project_folder\snake_2\x64\release\mainmenu.obj
d:\study\knnn\snake\snake_excercise_ss004_k22\project_folder\snake_2\x64\release\high_score_board.obj
d:\study\knnn\snake\snake_excercise_ss004_k22\project_folder\snake_2\x64\release\gamemanager.obj
d:\study\knnn\snake\snake_excercise_ss004_k22\project_folder\snake_2\x64\release\credit.obj
d:\study\knnn\snake\snake_excercise_ss004_k22\project_folder\x64\release\snake_2.exe
d:\study\knnn\snake\snake_excercise_ss004_k22\project_folder\x64\release\snake_2.pdb
d:\study\knnn\snake\snake_excercise_ss004_k22\project_folder\x64\release\snake_2.ipdb
d:\study\knnn\snake\snake_excercise_ss004_k22\project_folder\x64\release\snake_2.iobj
d:\study\knnn\snake\snake_excercise_ss004_k22\project_folder\snake_2\x64\release\snake_2.tlog\cl.command.1.tlog
d:\study\knnn\snake\snake_excercise_ss004_k22\project_folder\snake_2\x64\release\snake_2.tlog\cl.read.1.tlog
d:\study\knnn\snake\snake_excercise_ss004_k22\project_folder\snake_2\x64\release\snake_2.tlog\cl.write.1.tlog
d:\study\knnn\snake\snake_excercise_ss004_k22\project_folder\snake_2\x64\release\snake_2.tlog\link.command.1.tlog
d:\study\knnn\snake\snake_excercise_ss004_k22\project_folder\snake_2\x64\release\snake_2.tlog\link.read.1.tlog
d:\study\knnn\snake\snake_excercise_ss004_k22\project_folder\snake_2\x64\release\snake_2.tlog\link.write.1.tlog
d:\study\knnn\snake\snake_excercise_ss004_k22\project_folder\snake_2\x64\release\snake_2.tlog\snake_2.write.1u.tlog
